Determining if the pthread_create exist failed with the following output:
Change Dir: /home/sonia/thinc/3DSmoothNet/CMakeFiles/CMakeTmp

Run Build Command:"/usr/bin/make" "cmTC_02bda/fast"
/usr/bin/make -f CMakeFiles/cmTC_02bda.dir/build.make CMakeFiles/cmTC_02bda.dir/build
make[1]: Entering directory '/home/sonia/thinc/3DSmoothNet/CMakeFiles/CMakeTmp'
Building C object CMakeFiles/cmTC_02bda.dir/CheckSymbolExists.c.o
/usr/bin/cc    -o CMakeFiles/cmTC_02bda.dir/CheckSymbolExists.c.o   -c /home/sonia/thinc/3DSmoothNet/CMakeFiles/CMakeTmp/CheckSymbolExists.c
Linking C executable cmTC_02bda
/usr/bin/cmake -E cmake_link_script CMakeFiles/cmTC_02bda.dir/link.txt --verbose=1
/usr/bin/cc      -rdynamic CMakeFiles/cmTC_02bda.dir/CheckSymbolExists.c.o  -o cmTC_02bda 
CMakeFiles/cmTC_02bda.dir/CheckSymbolExists.c.o: In function `main':
CheckSymbolExists.c:(.text+0x1b): undefined reference to `pthread_create'
collect2: error: ld returned 1 exit status
CMakeFiles/cmTC_02bda.dir/build.make:97: recipe for target 'cmTC_02bda' failed
make[1]: *** [cmTC_02bda] Error 1
make[1]: Leaving directory '/home/sonia/thinc/3DSmoothNet/CMakeFiles/CMakeTmp'
Makefile:126: recipe for target 'cmTC_02bda/fast' failed
make: *** [cmTC_02bda/fast] Error 2

File /home/sonia/thinc/3DSmoothNet/CMakeFiles/CMakeTmp/CheckSymbolExists.c:
/* */
#include <pthread.h>

int main(int argc, char** argv)
{
  (void)argv;
#ifndef pthread_create
  return ((int*)(&pthread_create))[argc];
#else
  (void)argc;
  return 0;
#endif
}

Determining if the function pthread_create exists in the pthreads failed with the following output:
Change Dir: /home/sonia/thinc/3DSmoothNet/CMakeFiles/CMakeTmp

Run Build Command:"/usr/bin/make" "cmTC_ab3a4/fast"
/usr/bin/make -f CMakeFiles/cmTC_ab3a4.dir/build.make CMakeFiles/cmTC_ab3a4.dir/build
make[1]: Entering directory '/home/sonia/thinc/3DSmoothNet/CMakeFiles/CMakeTmp'
Building C object CMakeFiles/cmTC_ab3a4.dir/CheckFunctionExists.c.o
/usr/bin/cc   -DCHECK_FUNCTION_EXISTS=pthread_create   -o CMakeFiles/cmTC_ab3a4.dir/CheckFunctionExists.c.o   -c /usr/share/cmake-3.10/Modules/CheckFunctionExists.c
Linking C executable cmTC_ab3a4
/usr/bin/cmake -E cmake_link_script CMakeFiles/cmTC_ab3a4.dir/link.txt --verbose=1
/usr/bin/cc  -DCHECK_FUNCTION_EXISTS=pthread_create    -rdynamic CMakeFiles/cmTC_ab3a4.dir/CheckFunctionExists.c.o  -o cmTC_ab3a4 -lpthreads 
/usr/bin/ld: cannot find -lpthreads
collect2: error: ld returned 1 exit status
CMakeFiles/cmTC_ab3a4.dir/build.make:97: recipe for target 'cmTC_ab3a4' failed
make[1]: *** [cmTC_ab3a4] Error 1
make[1]: Leaving directory '/home/sonia/thinc/3DSmoothNet/CMakeFiles/CMakeTmp'
Makefile:126: recipe for target 'cmTC_ab3a4/fast' failed
make: *** [cmTC_ab3a4/fast] Error 2


